*** Using Compiler 'V5.06 update 5 (build 528)', folder: 'C:\Keil_v5\ARM\ARMCC\Bin'
Build target 'MOTOR_CPP'
compiling tim.c...
Warning: C3910W: Old syntax, please use '--c99'.
compiling stm32f4xx_it.c...
Warning: C3910W: Old syntax, please use '--c99'.
compiling stm32f4xx_hal_timebase_tim.c...
Warning: C3910W: Old syntax, please use '--c99'.
compiling gpio.c...
Warning: C3910W: Old syntax, please use '--c99'.
compiling usart.c...
Warning: C3910W: Old syntax, please use '--c99'.
compiling stm32f4xx_hal_can.c...
Warning: C3910W: Old syntax, please use '--c99'.
compiling dma.c...
Warning: C3910W: Old syntax, please use '--c99'.
compiling stm32f4xx_hal_msp.c...
Warning: C3910W: Old syntax, please use '--c99'.
compiling freertos.c...
Warning: C3910W: Old syntax, please use '--c99'.
compiling can.c...
Warning: C3910W: Old syntax, please use '--c99'.
compiling stm32f4xx_hal_rcc.c...
Warning: C3910W: Old syntax, please use '--c99'.
compiling main.c...
Warning: C3910W: Old syntax, please use '--c99'.
compiling stm32f4xx_hal_flash_ramfunc.c...
Warning: C3910W: Old syntax, please use '--c99'.
compiling stm32f4xx_hal_flash.c...
Warning: C3910W: Old syntax, please use '--c99'.
compiling stm32f4xx_hal.c...
Warning: C3910W: Old syntax, please use '--c99'.
compiling stm32f4xx_hal_dma.c...
Warning: C3910W: Old syntax, please use '--c99'.
compiling stm32f4xx_hal_dma_ex.c...
Warning: C3910W: Old syntax, please use '--c99'.
compiling croutine.c...
Warning: C3910W: Old syntax, please use '--c99'.
compiling stm32f4xx_hal_rcc_ex.c...
Warning: C3910W: Old syntax, please use '--c99'.
compiling list.c...
Warning: C3910W: Old syntax, please use '--c99'.
compiling stm32f4xx_hal_exti.c...
Warning: C3910W: Old syntax, please use '--c99'.
compiling event_groups.c...
Warning: C3910W: Old syntax, please use '--c99'.
compiling stm32f4xx_hal_cortex.c...
Warning: C3910W: Old syntax, please use '--c99'.
compiling timers.c...
Warning: C3910W: Old syntax, please use '--c99'.
compiling stream_buffer.c...
Warning: C3910W: Old syntax, please use '--c99'.
compiling queue.c...
Warning: C3910W: Old syntax, please use '--c99'.
compiling tasks.c...
Warning: C3910W: Old syntax, please use '--c99'.
compiling stm32f4xx_hal_flash_ex.c...
Warning: C3910W: Old syntax, please use '--c99'.
compiling stm32f4xx_hal_gpio.c...
Warning: C3910W: Old syntax, please use '--c99'.
compiling heap_4.c...
Warning: C3910W: Old syntax, please use '--c99'.
compiling port.c...
Warning: C3910W: Old syntax, please use '--c99'.
compiling stm32f4xx_hal_pwr_ex.c...
Warning: C3910W: Old syntax, please use '--c99'.
compiling stm32f4xx_hal_pwr.c...
Warning: C3910W: Old syntax, please use '--c99'.
compiling system_stm32f4xx.c...
Warning: C3910W: Old syntax, please use '--c99'.
compiling stm32f4xx_hal_tim_ex.c...
Warning: C3910W: Old syntax, please use '--c99'.
compiling air_joy.cpp...
Warning: C3910W: Old syntax, please use '--c99'.
Warning: C3910W: Old syntax, please use '--cpp11'.
compiling ROS.cpp...
Warning: C3910W: Old syntax, please use '--c99'.
Warning: C3910W: Old syntax, please use '--cpp11'.
compiling stm32f4xx_hal_uart.c...
Warning: C3910W: Old syntax, please use '--c99'.
compiling stm32f4xx_hal_tim.c...
Warning: C3910W: Old syntax, please use '--c99'.
compiling Broadcast.cpp...
Warning: C3910W: Old syntax, please use '--c99'.
Warning: C3910W: Old syntax, please use '--cpp11'.
compiling filter.cpp...
Warning: C3910W: Old syntax, please use '--c99'.
Warning: C3910W: Old syntax, please use '--cpp11'.
compiling pid.cpp...
Warning: C3910W: Old syntax, please use '--c99'.
Warning: C3910W: Old syntax, please use '--cpp11'.
compiling cmsis_os2.c...
Warning: C3910W: Old syntax, please use '--c99'.
compiling omni_chassis.cpp...
Warning: C3910W: Old syntax, please use '--c99'.
Warning: C3910W: Old syntax, please use '--cpp11'.
compiling mecanum_chassis.cpp...
Warning: C3910W: Old syntax, please use '--c99'.
Warning: C3910W: Old syntax, please use '--cpp11'.
compiling data_pool.cpp...
Warning: C3910W: Old syntax, please use '--c99'.
Warning: C3910W: Old syntax, please use '--cpp11'.
compiling Swerve_Chassis.cpp...
Warning: C3910W: Old syntax, please use '--c99'.
Warning: C3910W: Old syntax, please use '--cpp11'.
compiling drive_uart.c...
Warning: C3910W: Old syntax, please use '--c99'.
compiling drive_tim.c...
Warning: C3910W: Old syntax, please use '--c99'.
compiling drive_can.c...
Warning: C3910W: Old syntax, please use '--c99'.
compiling user_debug.cpp...
Warning: C3910W: Old syntax, please use '--c99'.
Warning: C3910W: Old syntax, please use '--cpp11'.
compiling fsm_joy.cpp...
Warning: C3910W: Old syntax, please use '--c99'.
Warning: C3910W: Old syntax, please use '--cpp11'.
compiling service_config.cpp...
Warning: C3910W: Old syntax, please use '--c99'.
Warning: C3910W: Old syntax, please use '--cpp11'.
compiling service_communication.cpp...
Warning: C3910W: Old syntax, please use '--c99'.
Warning: C3910W: Old syntax, please use '--cpp11'.
compiling chassis_task.cpp...
Warning: C3910W: Old syntax, please use '--c99'.
Warning: C3910W: Old syntax, please use '--cpp11'.
linking...
Program Size: Code=44092 RO-data=1416 RW-data=336 ZI-data=23584  
FromELF: creating hex file...
"MOTOR_CPP\MOTOR_CPP.axf" - 0 Error(s), 0 Warning(s).
Build Time Elapsed:  00:00:30
